

Started GET "/" for 127.0.0.1 at 2015-07-27 14:20:47 -0300
Processing by Rails::WelcomeController#index as HTML
  Rendered /Users/AkamineSan/.rvm/rubies/ruby-2.0.0-p481/lib/ruby/gems/2.0.0/gems/railties-4.1.7/lib/rails/templates/rails/welcome/index.html.erb (2.3ms)
Completed 200 OK in 23ms (Views: 10.1ms | ActiveRecord: 0.0ms)


Started GET "/index" for 127.0.0.1 at 2015-07-27 14:20:59 -0300

ActionController::RoutingError (No route matches [GET] "/index"):
  actionpack (4.1.7) lib/action_dispatch/middleware/debug_exceptions.rb:21:in `call'
  actionpack (4.1.7) lib/action_dispatch/middleware/show_exceptions.rb:30:in `call'
  railties (4.1.7) lib/rails/rack/logger.rb:38:in `call_app'
  railties (4.1.7) lib/rails/rack/logger.rb:20:in `block in call'
  activesupport (4.1.7) lib/active_support/tagged_logging.rb:68:in `block in tagged'
  activesupport (4.1.7) lib/active_support/tagged_logging.rb:26:in `tagged'
  activesupport (4.1.7) lib/active_support/tagged_logging.rb:68:in `tagged'
  railties (4.1.7) lib/rails/rack/logger.rb:20:in `call'
  actionpack (4.1.7) lib/action_dispatch/middleware/request_id.rb:21:in `call'
  rack (1.5.5) lib/rack/methodoverride.rb:21:in `call'
  rack (1.5.5) lib/rack/runtime.rb:17:in `call'
  activesupport (4.1.7) lib/active_support/cache/strategy/local_cache_middleware.rb:26:in `call'
  rack (1.5.5) lib/rack/lock.rb:17:in `call'
  actionpack (4.1.7) lib/action_dispatch/middleware/static.rb:84:in `call'
  rack (1.5.5) lib/rack/sendfile.rb:112:in `call'
  railties (4.1.7) lib/rails/engine.rb:514:in `call'
  railties (4.1.7) lib/rails/application.rb:144:in `call'
  rack (1.5.5) lib/rack/lock.rb:17:in `call'
  rack (1.5.5) lib/rack/content_length.rb:14:in `call'
  rack (1.5.5) lib/rack/handler/webrick.rb:60:in `service'
  /Users/AkamineSan/.rvm/rubies/ruby-2.0.0-p481/lib/ruby/2.0.0/webrick/httpserver.rb:138:in `service'
  /Users/AkamineSan/.rvm/rubies/ruby-2.0.0-p481/lib/ruby/2.0.0/webrick/httpserver.rb:94:in `run'
  /Users/AkamineSan/.rvm/rubies/ruby-2.0.0-p481/lib/ruby/2.0.0/webrick/server.rb:295:in `block in start_thread'


  Rendered /Users/AkamineSan/.rvm/rubies/ruby-2.0.0-p481/lib/ruby/gems/2.0.0/gems/actionpack-4.1.7/lib/action_dispatch/middleware/templates/rescues/_trace.html.erb (1.0ms)
  Rendered /Users/AkamineSan/.rvm/rubies/ruby-2.0.0-p481/lib/ruby/gems/2.0.0/gems/actionpack-4.1.7/lib/action_dispatch/middleware/templates/routes/_table.html.erb (8.3ms)
  Rendered /Users/AkamineSan/.rvm/rubies/ruby-2.0.0-p481/lib/ruby/gems/2.0.0/gems/actionpack-4.1.7/lib/action_dispatch/middleware/templates/rescues/routing_error.html.erb within rescues/layout (28.0ms)


Started GET "/index.html" for 127.0.0.1 at 2015-07-27 14:21:08 -0300

ActionController::RoutingError (No route matches [GET] "/index.html"):
  actionpack (4.1.7) lib/action_dispatch/middleware/debug_exceptions.rb:21:in `call'
  actionpack (4.1.7) lib/action_dispatch/middleware/show_exceptions.rb:30:in `call'
  railties (4.1.7) lib/rails/rack/logger.rb:38:in `call_app'
  railties (4.1.7) lib/rails/rack/logger.rb:20:in `block in call'
  activesupport (4.1.7) lib/active_support/tagged_logging.rb:68:in `block in tagged'
  activesupport (4.1.7) lib/active_support/tagged_logging.rb:26:in `tagged'
  activesupport (4.1.7) lib/active_support/tagged_logging.rb:68:in `tagged'
  railties (4.1.7) lib/rails/rack/logger.rb:20:in `call'
  actionpack (4.1.7) lib/action_dispatch/middleware/request_id.rb:21:in `call'
  rack (1.5.5) lib/rack/methodoverride.rb:21:in `call'
  rack (1.5.5) lib/rack/runtime.rb:17:in `call'
  activesupport (4.1.7) lib/active_support/cache/strategy/local_cache_middleware.rb:26:in `call'
  rack (1.5.5) lib/rack/lock.rb:17:in `call'
  actionpack (4.1.7) lib/action_dispatch/middleware/static.rb:84:in `call'
  rack (1.5.5) lib/rack/sendfile.rb:112:in `call'
  railties (4.1.7) lib/rails/engine.rb:514:in `call'
  railties (4.1.7) lib/rails/application.rb:144:in `call'
  rack (1.5.5) lib/rack/lock.rb:17:in `call'
  rack (1.5.5) lib/rack/content_length.rb:14:in `call'
  rack (1.5.5) lib/rack/handler/webrick.rb:60:in `service'
  /Users/AkamineSan/.rvm/rubies/ruby-2.0.0-p481/lib/ruby/2.0.0/webrick/httpserver.rb:138:in `service'
  /Users/AkamineSan/.rvm/rubies/ruby-2.0.0-p481/lib/ruby/2.0.0/webrick/httpserver.rb:94:in `run'
  /Users/AkamineSan/.rvm/rubies/ruby-2.0.0-p481/lib/ruby/2.0.0/webrick/server.rb:295:in `block in start_thread'


  Rendered /Users/AkamineSan/.rvm/rubies/ruby-2.0.0-p481/lib/ruby/gems/2.0.0/gems/actionpack-4.1.7/lib/action_dispatch/middleware/templates/rescues/_trace.html.erb (0.9ms)
  Rendered /Users/AkamineSan/.rvm/rubies/ruby-2.0.0-p481/lib/ruby/gems/2.0.0/gems/actionpack-4.1.7/lib/action_dispatch/middleware/templates/routes/_table.html.erb (1.1ms)
  Rendered /Users/AkamineSan/.rvm/rubies/ruby-2.0.0-p481/lib/ruby/gems/2.0.0/gems/actionpack-4.1.7/lib/action_dispatch/middleware/templates/rescues/routing_error.html.erb within rescues/layout (41.6ms)
  [1m[36m (2.5ms)[0m  [1mCREATE TABLE "schema_migrations" ("version" varchar(255) NOT NULL) [0m
  [1m[35m (0.5ms)[0m  select sqlite_version(*)
  [1m[36m (1.3ms)[0m  [1mCREATE UNIQUE INDEX "unique_schema_migrations" ON "schema_migrations" ("version")[0m
  [1m[35mActiveRecord::SchemaMigration Load (0.1ms)[0m  SELECT "schema_migrations".* FROM "schema_migrations"
Migrating to CreateIdeas (20150727172731)
  [1m[36m (0.1ms)[0m  [1mbegin transaction[0m
  [1m[35m (0.8ms)[0m  CREATE TABLE "ideas" ("id" INTEGER PRIMARY KEY AUTOINCREMENT NOT NULL, "name" varchar(255), "description" text, "picture" varchar(255), "created_at" datetime, "updated_at" datetime) 
  [1m[36mSQL (0.2ms)[0m  [1mINSERT INTO "schema_migrations" ("version") VALUES (?)[0m  [["version", "20150727172731"]]
  [1m[35m (0.8ms)[0m  commit transaction
  [1m[36mActiveRecord::SchemaMigration Load (0.1ms)[0m  [1mSELECT "schema_migrations".* FROM "schema_migrations"[0m


Started GET "/index.html" for 127.0.0.1 at 2015-07-27 14:27:49 -0300
  [1m[36mActiveRecord::SchemaMigration Load (0.2ms)[0m  [1mSELECT "schema_migrations".* FROM "schema_migrations"[0m

ActionController::RoutingError (No route matches [GET] "/index.html"):
  actionpack (4.1.7) lib/action_dispatch/middleware/debug_exceptions.rb:21:in `call'
  actionpack (4.1.7) lib/action_dispatch/middleware/show_exceptions.rb:30:in `call'
  railties (4.1.7) lib/rails/rack/logger.rb:38:in `call_app'
  railties (4.1.7) lib/rails/rack/logger.rb:20:in `block in call'
  activesupport (4.1.7) lib/active_support/tagged_logging.rb:68:in `block in tagged'
  activesupport (4.1.7) lib/active_support/tagged_logging.rb:26:in `tagged'
  activesupport (4.1.7) lib/active_support/tagged_logging.rb:68:in `tagged'
  railties (4.1.7) lib/rails/rack/logger.rb:20:in `call'
  actionpack (4.1.7) lib/action_dispatch/middleware/request_id.rb:21:in `call'
  rack (1.5.5) lib/rack/methodoverride.rb:21:in `call'
  rack (1.5.5) lib/rack/runtime.rb:17:in `call'
  activesupport (4.1.7) lib/active_support/cache/strategy/local_cache_middleware.rb:26:in `call'
  rack (1.5.5) lib/rack/lock.rb:17:in `call'
  actionpack (4.1.7) lib/action_dispatch/middleware/static.rb:84:in `call'
  rack (1.5.5) lib/rack/sendfile.rb:112:in `call'
  railties (4.1.7) lib/rails/engine.rb:514:in `call'
  railties (4.1.7) lib/rails/application.rb:144:in `call'
  rack (1.5.5) lib/rack/lock.rb:17:in `call'
  rack (1.5.5) lib/rack/content_length.rb:14:in `call'
  rack (1.5.5) lib/rack/handler/webrick.rb:60:in `service'
  /Users/AkamineSan/.rvm/rubies/ruby-2.0.0-p481/lib/ruby/2.0.0/webrick/httpserver.rb:138:in `service'
  /Users/AkamineSan/.rvm/rubies/ruby-2.0.0-p481/lib/ruby/2.0.0/webrick/httpserver.rb:94:in `run'
  /Users/AkamineSan/.rvm/rubies/ruby-2.0.0-p481/lib/ruby/2.0.0/webrick/server.rb:295:in `block in start_thread'


  Rendered /Users/AkamineSan/.rvm/rubies/ruby-2.0.0-p481/lib/ruby/gems/2.0.0/gems/actionpack-4.1.7/lib/action_dispatch/middleware/templates/rescues/_trace.html.erb (34.0ms)
  Rendered /Users/AkamineSan/.rvm/rubies/ruby-2.0.0-p481/lib/ruby/gems/2.0.0/gems/actionpack-4.1.7/lib/action_dispatch/middleware/templates/routes/_route.html.erb (1.0ms)
  Rendered /Users/AkamineSan/.rvm/rubies/ruby-2.0.0-p481/lib/ruby/gems/2.0.0/gems/actionpack-4.1.7/lib/action_dispatch/middleware/templates/routes/_table.html.erb (6.7ms)
  Rendered /Users/AkamineSan/.rvm/rubies/ruby-2.0.0-p481/lib/ruby/gems/2.0.0/gems/actionpack-4.1.7/lib/action_dispatch/middleware/templates/rescues/routing_error.html.erb within rescues/layout (63.8ms)


Started GET "/" for 127.0.0.1 at 2015-07-27 14:27:51 -0300
Processing by Rails::WelcomeController#index as HTML
  Rendered /Users/AkamineSan/.rvm/rubies/ruby-2.0.0-p481/lib/ruby/gems/2.0.0/gems/railties-4.1.7/lib/rails/templates/rails/welcome/index.html.erb (0.9ms)
Completed 200 OK in 14ms (Views: 2.8ms | ActiveRecord: 0.0ms)
